<?xml version="1.0" encoding="UTF-8"?>
<testsuite name="ExampleTest" tests="1" skipped="0" failures="0" errors="0" timestamp="2018-01-14T14:02:56" hostname="DESKTOP-DQN3JKT" time="0.001">
  <properties/>
  <testcase name="add" classname="ExampleTest" time="0.001"/>
  <system-out><![CDATA[]]></system-out>
  <system-err><![CDATA[]]></system-err>
</testsuite>
